2021-11-09T07:20:51+00:00 CRITICAL Uncaught Error: Call to undefined function list_pagination() in /var/www/html/wp-content/themes/little-bubble/functions.php:54
Stack trace:
#0 /var/www/html/wp-includes/shortcodes.php(343): productos_destacados('', '', 'lista-novedades...')
#1 [internal function]: do_shortcode_tag(Array)
#2 /var/www/html/wp-includes/shortcodes.php(218): preg_replace_callback('/\\[(\\[?)(lista\\...', 'do_shortcode_ta...', '[lista-novedade...')
#3 /var/www/html/wp-content/plugins/so-widgets-bundle/widgets/editor/editor.php(109): do_shortcode('[lista-novedade...')
#4 /var/www/html/wp-content/plugins/so-widgets-bundle/base/siteorigin-widget.class.php(191): SiteOrigin_Widget_Editor_Widget->get_template_variables(Array, Array)
#5 /var/www/html/wp-content/plugins/siteorigin-panels/inc/renderer.php(689): SiteOrigin_Widget->widget(Array, Array)
#6 /var/www/html/wp-content/plugins/siteorigin-panels/inc/renderer.php(1029): SiteOrigin_Panels_Renderer->the_widget(Array, Array, 2, 0, 2, false, true, 39, '')
#7 /var/www/html/wp-content/plug in /var/www/html/wp-content/themes/little-bubble/functions.php on line 54

2021-11-09T07:22:06+00:00 CRITICAL Uncaught Error: Call to undefined function list_pagination() in /var/www/html/wp-content/themes/little-bubble/functions.php:53
Stack trace:
#0 /var/www/html/wp-includes/shortcodes.php(343): productos_destacados('', '', 'lista-novedades...')
#1 [internal function]: do_shortcode_tag(Array)
#2 /var/www/html/wp-includes/shortcodes.php(218): preg_replace_callback('/\\[(\\[?)(lista\\...', 'do_shortcode_ta...', '[lista-novedade...')
#3 /var/www/html/wp-content/plugins/so-widgets-bundle/widgets/editor/editor.php(109): do_shortcode('[lista-novedade...')
#4 /var/www/html/wp-content/plugins/so-widgets-bundle/base/siteorigin-widget.class.php(191): SiteOrigin_Widget_Editor_Widget->get_template_variables(Array, Array)
#5 /var/www/html/wp-content/plugins/siteorigin-panels/inc/renderer.php(689): SiteOrigin_Widget->widget(Array, Array)
#6 /var/www/html/wp-content/plugins/siteorigin-panels/inc/renderer.php(1029): SiteOrigin_Panels_Renderer->the_widget(Array, Array, 2, 0, 2, false, true, 39, '')
#7 /var/www/html/wp-content/plug in /var/www/html/wp-content/themes/little-bubble/functions.php on line 53

2021-11-09T07:25:51+00:00 CRITICAL Uncaught Error: Call to undefined function list_pagination() in /var/www/html/wp-content/themes/little-bubble/functions.php:54
Stack trace:
#0 /var/www/html/wp-includes/shortcodes.php(343): productos_destacados('', '', 'lista-novedades...')
#1 [internal function]: do_shortcode_tag(Array)
#2 /var/www/html/wp-includes/shortcodes.php(218): preg_replace_callback('/\\[(\\[?)(lista\\...', 'do_shortcode_ta...', '[lista-novedade...')
#3 /var/www/html/wp-content/plugins/so-widgets-bundle/widgets/editor/editor.php(109): do_shortcode('[lista-novedade...')
#4 /var/www/html/wp-content/plugins/so-widgets-bundle/base/siteorigin-widget.class.php(191): SiteOrigin_Widget_Editor_Widget->get_template_variables(Array, Array)
#5 /var/www/html/wp-content/plugins/siteorigin-panels/inc/renderer.php(689): SiteOrigin_Widget->widget(Array, Array)
#6 /var/www/html/wp-content/plugins/siteorigin-panels/inc/renderer.php(1029): SiteOrigin_Panels_Renderer->the_widget(Array, Array, 2, 0, 2, false, true, 39, '')
#7 /var/www/html/wp-content/plug in /var/www/html/wp-content/themes/little-bubble/functions.php on line 54

2021-11-09T07:27:41+00:00 CRITICAL Uncaught Error: Call to undefined function list_pagination() in /var/www/html/wp-content/themes/little-bubble/functions.php:54
Stack trace:
#0 /var/www/html/wp-includes/shortcodes.php(343): productos_destacados('', '', 'lista-novedades...')
#1 [internal function]: do_shortcode_tag(Array)
#2 /var/www/html/wp-includes/shortcodes.php(218): preg_replace_callback('/\\[(\\[?)(lista\\...', 'do_shortcode_ta...', '[lista-novedade...')
#3 /var/www/html/wp-content/plugins/so-widgets-bundle/widgets/editor/editor.php(109): do_shortcode('[lista-novedade...')
#4 /var/www/html/wp-content/plugins/so-widgets-bundle/base/siteorigin-widget.class.php(191): SiteOrigin_Widget_Editor_Widget->get_template_variables(Array, Array)
#5 /var/www/html/wp-content/plugins/siteorigin-panels/inc/renderer.php(689): SiteOrigin_Widget->widget(Array, Array)
#6 /var/www/html/wp-content/plugins/siteorigin-panels/inc/renderer.php(1029): SiteOrigin_Panels_Renderer->the_widget(Array, Array, 2, 0, 2, false, true, 39, '')
#7 /var/www/html/wp-content/plug in /var/www/html/wp-content/themes/little-bubble/functions.php on line 54

2021-11-09T07:33:12+00:00 CRITICAL Uncaught Error: Call to undefined function list_pagination() in /var/www/html/wp-content/themes/little-bubble/functions.php:55
Stack trace:
#0 /var/www/html/wp-includes/shortcodes.php(343): productos_destacados('', '', 'lista-novedades...')
#1 [internal function]: do_shortcode_tag(Array)
#2 /var/www/html/wp-includes/shortcodes.php(218): preg_replace_callback('/\\[(\\[?)(lista\\...', 'do_shortcode_ta...', '[lista-novedade...')
#3 /var/www/html/wp-content/plugins/so-widgets-bundle/widgets/editor/editor.php(109): do_shortcode('[lista-novedade...')
#4 /var/www/html/wp-content/plugins/so-widgets-bundle/base/siteorigin-widget.class.php(191): SiteOrigin_Widget_Editor_Widget->get_template_variables(Array, Array)
#5 /var/www/html/wp-content/plugins/siteorigin-panels/inc/renderer.php(689): SiteOrigin_Widget->widget(Array, Array)
#6 /var/www/html/wp-content/plugins/siteorigin-panels/inc/renderer.php(1029): SiteOrigin_Panels_Renderer->the_widget(Array, Array, 2, 0, 2, false, true, 39, '')
#7 /var/www/html/wp-content/plug in /var/www/html/wp-content/themes/little-bubble/functions.php on line 55

2021-11-09T07:35:19+00:00 CRITICAL Uncaught Error: Call to undefined function houzez_pagination() in /var/www/html/wp-content/themes/little-bubble/functions.php:51
Stack trace:
#0 /var/www/html/wp-includes/shortcodes.php(343): productos_destacados('', '', 'lista-novedades...')
#1 [internal function]: do_shortcode_tag(Array)
#2 /var/www/html/wp-includes/shortcodes.php(218): preg_replace_callback('/\\[(\\[?)(lista\\...', 'do_shortcode_ta...', '[lista-novedade...')
#3 /var/www/html/wp-content/plugins/so-widgets-bundle/widgets/editor/editor.php(109): do_shortcode('[lista-novedade...')
#4 /var/www/html/wp-content/plugins/so-widgets-bundle/base/siteorigin-widget.class.php(191): SiteOrigin_Widget_Editor_Widget->get_template_variables(Array, Array)
#5 /var/www/html/wp-content/plugins/siteorigin-panels/inc/renderer.php(689): SiteOrigin_Widget->widget(Array, Array)
#6 /var/www/html/wp-content/plugins/siteorigin-panels/inc/renderer.php(1029): SiteOrigin_Panels_Renderer->the_widget(Array, Array, 2, 0, 2, false, true, 39, '')
#7 /var/www/html/wp-content/pl in /var/www/html/wp-content/themes/little-bubble/functions.php on line 51

2021-11-09T07:44:01+00:00 CRITICAL Uncaught Error: Call to undefined function list_pagination() in /var/www/html/wp-content/themes/little-bubble/functions.php:53
Stack trace:
#0 /var/www/html/wp-includes/shortcodes.php(343): productos_destacados('', '', 'lista-novedades...')
#1 [internal function]: do_shortcode_tag(Array)
#2 /var/www/html/wp-includes/shortcodes.php(218): preg_replace_callback('/\\[(\\[?)(lista\\...', 'do_shortcode_ta...', '[lista-novedade...')
#3 /var/www/html/wp-content/plugins/so-widgets-bundle/widgets/editor/editor.php(109): do_shortcode('[lista-novedade...')
#4 /var/www/html/wp-content/plugins/so-widgets-bundle/base/siteorigin-widget.class.php(191): SiteOrigin_Widget_Editor_Widget->get_template_variables(Array, Array)
#5 /var/www/html/wp-content/plugins/siteorigin-panels/inc/renderer.php(689): SiteOrigin_Widget->widget(Array, Array)
#6 /var/www/html/wp-content/plugins/siteorigin-panels/inc/renderer.php(1029): SiteOrigin_Panels_Renderer->the_widget(Array, Array, 2, 0, 2, false, true, 39, '')
#7 /var/www/html/wp-content/plug in /var/www/html/wp-content/themes/little-bubble/functions.php on line 53

2021-11-09T07:44:50+00:00 CRITICAL Uncaught Error: Call to undefined function list_pagination() in /var/www/html/wp-content/themes/little-bubble/functions.php:53
Stack trace:
#0 /var/www/html/wp-includes/shortcodes.php(343): productos_destacados('', '', 'lista-novedades...')
#1 [internal function]: do_shortcode_tag(Array)
#2 /var/www/html/wp-includes/shortcodes.php(218): preg_replace_callback('/\\[(\\[?)(lista\\...', 'do_shortcode_ta...', '[lista-novedade...')
#3 /var/www/html/wp-content/plugins/so-widgets-bundle/widgets/editor/editor.php(109): do_shortcode('[lista-novedade...')
#4 /var/www/html/wp-content/plugins/so-widgets-bundle/base/siteorigin-widget.class.php(191): SiteOrigin_Widget_Editor_Widget->get_template_variables(Array, Array)
#5 /var/www/html/wp-content/plugins/siteorigin-panels/inc/renderer.php(689): SiteOrigin_Widget->widget(Array, Array)
#6 /var/www/html/wp-content/plugins/siteorigin-panels/inc/renderer.php(1029): SiteOrigin_Panels_Renderer->the_widget(Array, Array, 2, 0, 2, false, true, 39, '')
#7 /var/www/html/wp-content/plug in /var/www/html/wp-content/themes/little-bubble/functions.php on line 53

2021-11-09T07:49:50+00:00 CRITICAL Uncaught Error: Call to undefined function list_pagination() in /var/www/html/wp-content/themes/little-bubble/functions.php:56
Stack trace:
#0 /var/www/html/wp-includes/shortcodes.php(343): productos_destacados('', '', 'lista-novedades...')
#1 [internal function]: do_shortcode_tag(Array)
#2 /var/www/html/wp-includes/shortcodes.php(218): preg_replace_callback('/\\[(\\[?)(lista\\...', 'do_shortcode_ta...', '[lista-novedade...')
#3 /var/www/html/wp-content/plugins/so-widgets-bundle/widgets/editor/editor.php(109): do_shortcode('[lista-novedade...')
#4 /var/www/html/wp-content/plugins/so-widgets-bundle/base/siteorigin-widget.class.php(191): SiteOrigin_Widget_Editor_Widget->get_template_variables(Array, Array)
#5 /var/www/html/wp-content/plugins/siteorigin-panels/inc/renderer.php(689): SiteOrigin_Widget->widget(Array, Array)
#6 /var/www/html/wp-content/plugins/siteorigin-panels/inc/renderer.php(1029): SiteOrigin_Panels_Renderer->the_widget(Array, Array, 2, 0, 2, false, true, 39, '')
#7 /var/www/html/wp-content/plug in /var/www/html/wp-content/themes/little-bubble/functions.php on line 56

2021-11-09T07:50:31+00:00 CRITICAL Uncaught Error: Call to undefined function list_pagination() in /var/www/html/wp-content/themes/little-bubble/functions.php:56
Stack trace:
#0 /var/www/html/wp-includes/shortcodes.php(343): productos_destacados('', '', 'lista-novedades...')
#1 [internal function]: do_shortcode_tag(Array)
#2 /var/www/html/wp-includes/shortcodes.php(218): preg_replace_callback('/\\[(\\[?)(lista\\...', 'do_shortcode_ta...', '[lista-novedade...')
#3 /var/www/html/wp-content/plugins/so-widgets-bundle/widgets/editor/editor.php(109): do_shortcode('[lista-novedade...')
#4 /var/www/html/wp-content/plugins/so-widgets-bundle/base/siteorigin-widget.class.php(191): SiteOrigin_Widget_Editor_Widget->get_template_variables(Array, Array)
#5 /var/www/html/wp-content/plugins/siteorigin-panels/inc/renderer.php(689): SiteOrigin_Widget->widget(Array, Array)
#6 /var/www/html/wp-content/plugins/siteorigin-panels/inc/renderer.php(1029): SiteOrigin_Panels_Renderer->the_widget(Array, Array, 2, 0, 2, false, true, 39, '')
#7 /var/www/html/wp-content/plug in /var/www/html/wp-content/themes/little-bubble/functions.php on line 56

2021-11-09T08:03:24+00:00 CRITICAL Uncaught Error: Call to undefined function list_pagination() in /var/www/html/wp-content/themes/little-bubble/functions.php:46
Stack trace:
#0 /var/www/html/wp-includes/shortcodes.php(343): productos_destacados('', '', 'lista-novedades...')
#1 [internal function]: do_shortcode_tag(Array)
#2 /var/www/html/wp-includes/shortcodes.php(218): preg_replace_callback('/\\[(\\[?)(lista\\...', 'do_shortcode_ta...', '[lista-novedade...')
#3 /var/www/html/wp-content/plugins/so-widgets-bundle/widgets/editor/editor.php(109): do_shortcode('[lista-novedade...')
#4 /var/www/html/wp-content/plugins/so-widgets-bundle/base/siteorigin-widget.class.php(191): SiteOrigin_Widget_Editor_Widget->get_template_variables(Array, Array)
#5 /var/www/html/wp-content/plugins/siteorigin-panels/inc/renderer.php(689): SiteOrigin_Widget->widget(Array, Array)
#6 /var/www/html/wp-content/plugins/siteorigin-panels/inc/renderer.php(1029): SiteOrigin_Panels_Renderer->the_widget(Array, Array, 2, 0, 1, false, true, 39, '')
#7 /var/www/html/wp-content/plug in /var/www/html/wp-content/themes/little-bubble/functions.php on line 46

2021-11-09T08:07:12+00:00 CRITICAL Uncaught Error: Call to undefined function list_pagination() in /var/www/html/wp-content/themes/little-bubble/functions.php:46
Stack trace:
#0 /var/www/html/wp-includes/shortcodes.php(343): productos_destacados('', '', 'lista-novedades...')
#1 [internal function]: do_shortcode_tag(Array)
#2 /var/www/html/wp-includes/shortcodes.php(218): preg_replace_callback('/\\[(\\[?)(lista\\...', 'do_shortcode_ta...', '[lista-novedade...')
#3 /var/www/html/wp-content/plugins/so-widgets-bundle/widgets/editor/editor.php(109): do_shortcode('[lista-novedade...')
#4 /var/www/html/wp-content/plugins/so-widgets-bundle/base/siteorigin-widget.class.php(191): SiteOrigin_Widget_Editor_Widget->get_template_variables(Array, Array)
#5 /var/www/html/wp-content/plugins/siteorigin-panels/inc/renderer.php(689): SiteOrigin_Widget->widget(Array, Array)
#6 /var/www/html/wp-content/plugins/siteorigin-panels/inc/renderer.php(1029): SiteOrigin_Panels_Renderer->the_widget(Array, Array, 2, 0, 1, false, true, 39, '')
#7 /var/www/html/wp-content/plug in /var/www/html/wp-content/themes/little-bubble/functions.php on line 46

2021-11-09T08:11:39+00:00 CRITICAL Uncaught Error: Call to undefined function list_pagination() in /var/www/html/wp-content/themes/little-bubble/functions.php:45
Stack trace:
#0 /var/www/html/wp-includes/shortcodes.php(343): productos_destacados('', '', 'lista-novedades...')
#1 [internal function]: do_shortcode_tag(Array)
#2 /var/www/html/wp-includes/shortcodes.php(218): preg_replace_callback('/\\[(\\[?)(lista\\...', 'do_shortcode_ta...', '[lista-novedade...')
#3 /var/www/html/wp-content/plugins/so-widgets-bundle/widgets/editor/editor.php(109): do_shortcode('[lista-novedade...')
#4 /var/www/html/wp-content/plugins/so-widgets-bundle/base/siteorigin-widget.class.php(191): SiteOrigin_Widget_Editor_Widget->get_template_variables(Array, Array)
#5 /var/www/html/wp-content/plugins/siteorigin-panels/inc/renderer.php(689): SiteOrigin_Widget->widget(Array, Array)
#6 /var/www/html/wp-content/plugins/siteorigin-panels/inc/renderer.php(1029): SiteOrigin_Panels_Renderer->the_widget(Array, Array, 2, 0, 1, false, true, 39, '')
#7 /var/www/html/wp-content/plug in /var/www/html/wp-content/themes/little-bubble/functions.php on line 45

2021-11-09T08:28:18+00:00 CRITICAL Uncaught Error: Call to undefined function the_tile() in /var/www/html/wp-content/themes/little-bubble/functions.php:36
Stack trace:
#0 /var/www/html/wp-includes/shortcodes.php(343): productos_destacados('', '', 'lista-novedades...')
#1 [internal function]: do_shortcode_tag(Array)
#2 /var/www/html/wp-includes/shortcodes.php(218): preg_replace_callback('/\\[(\\[?)(lista\\...', 'do_shortcode_ta...', '[lista-novedade...')
#3 /var/www/html/wp-content/plugins/so-widgets-bundle/widgets/editor/editor.php(109): do_shortcode('[lista-novedade...')
#4 /var/www/html/wp-content/plugins/so-widgets-bundle/base/siteorigin-widget.class.php(191): SiteOrigin_Widget_Editor_Widget->get_template_variables(Array, Array)
#5 /var/www/html/wp-content/plugins/siteorigin-panels/inc/renderer.php(689): SiteOrigin_Widget->widget(Array, Array)
#6 /var/www/html/wp-content/plugins/siteorigin-panels/inc/renderer.php(1029): SiteOrigin_Panels_Renderer->the_widget(Array, Array, 2, 0, 1, false, true, 39, '')
#7 /var/www/html/wp-content/plugins/sit in /var/www/html/wp-content/themes/little-bubble/functions.php on line 36

2021-11-09T08:28:29+00:00 CRITICAL Uncaught Error: Call to undefined function get_the_tile() in /var/www/html/wp-content/themes/little-bubble/functions.php:36
Stack trace:
#0 /var/www/html/wp-includes/shortcodes.php(343): productos_destacados('', '', 'lista-novedades...')
#1 [internal function]: do_shortcode_tag(Array)
#2 /var/www/html/wp-includes/shortcodes.php(218): preg_replace_callback('/\\[(\\[?)(lista\\...', 'do_shortcode_ta...', '[lista-novedade...')
#3 /var/www/html/wp-content/plugins/so-widgets-bundle/widgets/editor/editor.php(109): do_shortcode('[lista-novedade...')
#4 /var/www/html/wp-content/plugins/so-widgets-bundle/base/siteorigin-widget.class.php(191): SiteOrigin_Widget_Editor_Widget->get_template_variables(Array, Array)
#5 /var/www/html/wp-content/plugins/siteorigin-panels/inc/renderer.php(689): SiteOrigin_Widget->widget(Array, Array)
#6 /var/www/html/wp-content/plugins/siteorigin-panels/inc/renderer.php(1029): SiteOrigin_Panels_Renderer->the_widget(Array, Array, 2, 0, 1, false, true, 39, '')
#7 /var/www/html/wp-content/plugins in /var/www/html/wp-content/themes/little-bubble/functions.php on line 36

2021-11-09T09:01:32+00:00 CRITICAL syntax error, unexpected ',' in /var/www/html/wp-content/themes/little-bubble/functions.php on line 9

2021-11-09T09:01:32+00:00 CRITICAL syntax error, unexpected ',' in /var/www/html/wp-content/themes/little-bubble/functions.php on line 9

2021-11-09T09:01:32+00:00 CRITICAL syntax error, unexpected ',' in /var/www/html/wp-content/themes/little-bubble/functions.php on line 9

2021-11-09T09:01:47+00:00 CRITICAL syntax error, unexpected ',' in /var/www/html/wp-content/themes/little-bubble/functions.php on line 9

2021-11-09T17:52:18+00:00 CRITICAL syntax error, unexpected '?>' en /var/www/html/wp-content/themes/little-bubble/functions.php en la línea 158

2021-11-09T17:52:29+00:00 CRITICAL syntax error, unexpected '?>' en /var/www/html/wp-content/themes/little-bubble/functions.php en la línea 158

