2021-11-07T16:52:31+00:00 CRITICAL Uncaught Error: Call to undefined function get_the_post_thumbnail_uri() in /var/www/html/wp-content/themes/little-bubble/functions.php:67
Stack trace:
#0 /var/www/html/wp-includes/shortcodes.php(343): show_posts('', '', 'lista-entradas')
#1 [internal function]: do_shortcode_tag(Array)
#2 /var/www/html/wp-includes/shortcodes.php(218): preg_replace_callback('/\\[(\\[?)(lista\\...', 'do_shortcode_ta...', '[lista-entradas...')
#3 /var/www/html/wp-content/plugins/so-widgets-bundle/widgets/editor/editor.php(109): do_shortcode('[lista-entradas...')
#4 /var/www/html/wp-content/plugins/so-widgets-bundle/base/siteorigin-widget.class.php(191): SiteOrigin_Widget_Editor_Widget->get_template_variables(Array, Array)
#5 /var/www/html/wp-content/plugins/siteorigin-panels/inc/renderer.php(689): SiteOrigin_Widget->widget(Array, Array)
#6 /var/www/html/wp-content/plugins/siteorigin-panels/inc/renderer.php(1029): SiteOrigin_Panels_Renderer->the_widget(Array, Array, 3, 0, 0, true, true, 39, '')
#7 /var/www/html/wp-content/plugins/ in /var/www/html/wp-content/themes/little-bubble/functions.php on line 67

2021-11-07T16:52:44+00:00 CRITICAL Uncaught Error: Call to undefined function get_the_post_thumbnail_uri() in /var/www/html/wp-content/themes/little-bubble/functions.php:67
Stack trace:
#0 /var/www/html/wp-includes/shortcodes.php(343): show_posts('', '', 'lista-entradas')
#1 [internal function]: do_shortcode_tag(Array)
#2 /var/www/html/wp-includes/shortcodes.php(218): preg_replace_callback('/\\[(\\[?)(lista\\...', 'do_shortcode_ta...', '[lista-entradas...')
#3 /var/www/html/wp-content/plugins/so-widgets-bundle/widgets/editor/editor.php(109): do_shortcode('[lista-entradas...')
#4 /var/www/html/wp-content/plugins/so-widgets-bundle/base/siteorigin-widget.class.php(191): SiteOrigin_Widget_Editor_Widget->get_template_variables(Array, Array)
#5 /var/www/html/wp-content/plugins/siteorigin-panels/inc/renderer.php(689): SiteOrigin_Widget->widget(Array, Array)
#6 /var/www/html/wp-content/plugins/siteorigin-panels/inc/renderer.php(1029): SiteOrigin_Panels_Renderer->the_widget(Array, Array, 3, 0, 0, true, true, 39, '')
#7 /var/www/html/wp-content/plugins/ in /var/www/html/wp-content/themes/little-bubble/functions.php on line 67

