2021-11-12T11:09:37+00:00 CRITICAL Uncaught Error: Call to undefined function add_shorcode() in /var/www/html/wp-content/themes/little-bubble/functions.php:287
Stack trace:
#0 /var/www/html/wp-settings.php(528): include()
#1 /var/www/html/wp-config.php(133): require_once('/var/www/html/w...')
#2 /var/www/html/wp-load.php(37): require_once('/var/www/html/w...')
#3 /var/www/html/wp-admin/admin-ajax.php(22): require_once('/var/www/html/w...')
#4 {main}
  thrown en /var/www/html/wp-content/themes/little-bubble/functions.php en la línea 287

2021-11-12T11:09:37+00:00 CRITICAL Uncaught Error: Call to undefined function add_shorcode() in /var/www/html/wp-content/themes/little-bubble/functions.php:287
Stack trace:
#0 /var/www/html/wp-settings.php(528): include()
#1 /var/www/html/wp-config.php(133): require_once('/var/www/html/w...')
#2 /var/www/html/wp-load.php(37): require_once('/var/www/html/w...')
#3 /var/www/html/wp-admin/admin-ajax.php(22): require_once('/var/www/html/w...')
#4 {main}
  thrown en /var/www/html/wp-content/themes/little-bubble/functions.php en la línea 287

2021-11-12T11:09:51+00:00 CRITICAL Uncaught Error: Call to undefined function add_shorcode() in /var/www/html/wp-content/themes/little-bubble/functions.php:287
Stack trace:
#0 /var/www/html/wp-settings.php(528): include()
#1 /var/www/html/wp-config.php(133): require_once('/var/www/html/w...')
#2 /var/www/html/wp-load.php(37): require_once('/var/www/html/w...')
#3 /var/www/html/wp-admin/admin-ajax.php(22): require_once('/var/www/html/w...')
#4 {main}
  thrown en /var/www/html/wp-content/themes/little-bubble/functions.php en la línea 287

2021-11-12T11:09:51+00:00 CRITICAL Uncaught Error: Call to undefined function add_shorcode() in /var/www/html/wp-content/themes/little-bubble/functions.php:287
Stack trace:
#0 /var/www/html/wp-settings.php(528): include()
#1 /var/www/html/wp-config.php(133): require_once('/var/www/html/w...')
#2 /var/www/html/wp-load.php(37): require_once('/var/www/html/w...')
#3 /var/www/html/wp-admin/admin-ajax.php(22): require_once('/var/www/html/w...')
#4 {main}
  thrown en /var/www/html/wp-content/themes/little-bubble/functions.php en la línea 287

2021-11-12T11:09:51+00:00 CRITICAL Uncaught Error: Call to undefined function add_shorcode() in /var/www/html/wp-content/themes/little-bubble/functions.php:287
Stack trace:
#0 /var/www/html/wp-settings.php(528): include()
#1 /var/www/html/wp-config.php(133): require_once('/var/www/html/w...')
#2 /var/www/html/wp-load.php(37): require_once('/var/www/html/w...')
#3 /var/www/html/wp-blog-header.php(13): require_once('/var/www/html/w...')
#4 /var/www/html/index.php(17): require('/var/www/html/w...')
#5 {main}
  thrown en /var/www/html/wp-content/themes/little-bubble/functions.php en la línea 287

2021-11-12T11:09:56+00:00 CRITICAL Uncaught Error: Call to undefined function add_shorcode() in /var/www/html/wp-content/themes/little-bubble/functions.php:287
Stack trace:
#0 /var/www/html/wp-settings.php(528): include()
#1 /var/www/html/wp-config.php(133): require_once('/var/www/html/w...')
#2 /var/www/html/wp-load.php(37): require_once('/var/www/html/w...')
#3 /var/www/html/wp-admin/admin.php(34): require_once('/var/www/html/w...')
#4 /var/www/html/wp-admin/post.php(12): require_once('/var/www/html/w...')
#5 {main}
  thrown en /var/www/html/wp-content/themes/little-bubble/functions.php en la línea 287

2021-11-12T11:09:58+00:00 CRITICAL Uncaught Error: Call to undefined function add_shorcode() in /var/www/html/wp-content/themes/little-bubble/functions.php:287
Stack trace:
#0 /var/www/html/wp-settings.php(528): include()
#1 /var/www/html/wp-config.php(133): require_once('/var/www/html/w...')
#2 /var/www/html/wp-load.php(37): require_once('/var/www/html/w...')
#3 /var/www/html/wp-blog-header.php(13): require_once('/var/www/html/w...')
#4 /var/www/html/index.php(17): require('/var/www/html/w...')
#5 {main}
  thrown en /var/www/html/wp-content/themes/little-bubble/functions.php en la línea 287

2021-11-12T11:11:14+00:00 CRITICAL Uncaught Error: Call to undefined function add_shorcode() in /var/www/html/wp-content/themes/little-bubble/functions.php:286
Stack trace:
#0 /var/www/html/wp-settings.php(528): include()
#1 /var/www/html/wp-config.php(133): require_once('/var/www/html/w...')
#2 /var/www/html/wp-load.php(37): require_once('/var/www/html/w...')
#3 /var/www/html/wp-admin/admin.php(34): require_once('/var/www/html/w...')
#4 /var/www/html/wp-admin/post.php(12): require_once('/var/www/html/w...')
#5 {main}
  thrown en /var/www/html/wp-content/themes/little-bubble/functions.php en la línea 286

2021-11-12T11:11:14+00:00 CRITICAL Uncaught Error: Call to undefined function add_shorcode() in /var/www/html/wp-content/themes/little-bubble/functions.php:286
Stack trace:
#0 /var/www/html/wp-settings.php(528): include()
#1 /var/www/html/wp-config.php(133): require_once('/var/www/html/w...')
#2 /var/www/html/wp-load.php(37): require_once('/var/www/html/w...')
#3 /var/www/html/wp-blog-header.php(13): require_once('/var/www/html/w...')
#4 /var/www/html/index.php(17): require('/var/www/html/w...')
#5 {main}
  thrown en /var/www/html/wp-content/themes/little-bubble/functions.php en la línea 286

2021-11-12T11:11:14+00:00 CRITICAL Uncaught Error: Call to undefined function add_shorcode() in /var/www/html/wp-content/themes/little-bubble/functions.php:286
Stack trace:
#0 /var/www/html/wp-settings.php(528): include()
#1 /var/www/html/wp-config.php(133): require_once('/var/www/html/w...')
#2 /var/www/html/wp-load.php(37): require_once('/var/www/html/w...')
#3 /var/www/html/wp-admin/admin-ajax.php(22): require_once('/var/www/html/w...')
#4 {main}
  thrown en /var/www/html/wp-content/themes/little-bubble/functions.php en la línea 286

2021-11-12T11:11:49+00:00 CRITICAL Uncaught Error: Call to undefined function add_shorcode() in /var/www/html/wp-content/themes/little-bubble/functions.php:286
Stack trace:
#0 /var/www/html/wp-settings.php(528): include()
#1 /var/www/html/wp-config.php(133): require_once('/var/www/html/w...')
#2 /var/www/html/wp-load.php(37): require_once('/var/www/html/w...')
#3 /var/www/html/wp-admin/admin.php(34): require_once('/var/www/html/w...')
#4 /var/www/html/wp-admin/post.php(12): require_once('/var/www/html/w...')
#5 {main}
  thrown en /var/www/html/wp-content/themes/little-bubble/functions.php en la línea 286

2021-11-12T11:11:51+00:00 CRITICAL Uncaught Error: Call to undefined function add_shorcode() in /var/www/html/wp-content/themes/little-bubble/functions.php:286
Stack trace:
#0 /var/www/html/wp-settings.php(528): include()
#1 /var/www/html/wp-config.php(133): require_once('/var/www/html/w...')
#2 /var/www/html/wp-load.php(37): require_once('/var/www/html/w...')
#3 /var/www/html/wp-blog-header.php(13): require_once('/var/www/html/w...')
#4 /var/www/html/index.php(17): require('/var/www/html/w...')
#5 {main}
  thrown en /var/www/html/wp-content/themes/little-bubble/functions.php en la línea 286

2021-11-12T11:12:09+00:00 CRITICAL Uncaught Error: Call to undefined function add_shorcode() in /var/www/html/wp-content/themes/little-bubble/functions.php:285
Stack trace:
#0 /var/www/html/wp-settings.php(528): include()
#1 /var/www/html/wp-config.php(133): require_once('/var/www/html/w...')
#2 /var/www/html/wp-load.php(37): require_once('/var/www/html/w...')
#3 /var/www/html/wp-admin/admin.php(34): require_once('/var/www/html/w...')
#4 /var/www/html/wp-admin/post.php(12): require_once('/var/www/html/w...')
#5 {main}
  thrown en /var/www/html/wp-content/themes/little-bubble/functions.php en la línea 285

2021-11-12T11:12:10+00:00 CRITICAL Uncaught Error: Call to undefined function add_shorcode() in /var/www/html/wp-content/themes/little-bubble/functions.php:285
Stack trace:
#0 /var/www/html/wp-settings.php(528): include()
#1 /var/www/html/wp-config.php(133): require_once('/var/www/html/w...')
#2 /var/www/html/wp-load.php(37): require_once('/var/www/html/w...')
#3 /var/www/html/wp-blog-header.php(13): require_once('/var/www/html/w...')
#4 /var/www/html/index.php(17): require('/var/www/html/w...')
#5 {main}
  thrown en /var/www/html/wp-content/themes/little-bubble/functions.php en la línea 285

2021-11-12T11:12:56+00:00 CRITICAL Uncaught Error: Call to undefined function add_shorcode() in /var/www/html/wp-content/themes/little-bubble/functions.php:285
Stack trace:
#0 /var/www/html/wp-settings.php(528): include()
#1 /var/www/html/wp-config.php(133): require_once('/var/www/html/w...')
#2 /var/www/html/wp-load.php(37): require_once('/var/www/html/w...')
#3 /var/www/html/wp-admin/admin-ajax.php(22): require_once('/var/www/html/w...')
#4 {main}
  thrown en /var/www/html/wp-content/themes/little-bubble/functions.php en la línea 285

2021-11-12T11:13:12+00:00 CRITICAL Uncaught Error: Call to undefined function add_shorcode() in /var/www/html/wp-content/themes/little-bubble/functions.php:283
Stack trace:
#0 /var/www/html/wp-settings.php(528): include()
#1 /var/www/html/wp-config.php(133): require_once('/var/www/html/w...')
#2 /var/www/html/wp-load.php(37): require_once('/var/www/html/w...')
#3 /var/www/html/wp-admin/admin.php(34): require_once('/var/www/html/w...')
#4 /var/www/html/wp-admin/post.php(12): require_once('/var/www/html/w...')
#5 {main}
  thrown en /var/www/html/wp-content/themes/little-bubble/functions.php en la línea 283

2021-11-12T11:13:15+00:00 CRITICAL Uncaught Error: Call to undefined function add_shorcode() in /var/www/html/wp-content/themes/little-bubble/functions.php:283
Stack trace:
#0 /var/www/html/wp-settings.php(528): include()
#1 /var/www/html/wp-config.php(133): require_once('/var/www/html/w...')
#2 /var/www/html/wp-load.php(37): require_once('/var/www/html/w...')
#3 /var/www/html/wp-blog-header.php(13): require_once('/var/www/html/w...')
#4 /var/www/html/index.php(17): require('/var/www/html/w...')
#5 {main}
  thrown en /var/www/html/wp-content/themes/little-bubble/functions.php en la línea 283

2021-11-12T11:13:45+00:00 CRITICAL Uncaught Error: Call to undefined function add_shorcode() in /var/www/html/wp-content/themes/little-bubble/functions.php:285
Stack trace:
#0 /var/www/html/wp-settings.php(528): include()
#1 /var/www/html/wp-config.php(133): require_once('/var/www/html/w...')
#2 /var/www/html/wp-load.php(37): require_once('/var/www/html/w...')
#3 /var/www/html/wp-admin/admin.php(34): require_once('/var/www/html/w...')
#4 /var/www/html/wp-admin/post.php(12): require_once('/var/www/html/w...')
#5 {main}
  thrown en /var/www/html/wp-content/themes/little-bubble/functions.php en la línea 285

2021-11-12T11:13:46+00:00 CRITICAL Uncaught Error: Call to undefined function add_shorcode() in /var/www/html/wp-content/themes/little-bubble/functions.php:285
Stack trace:
#0 /var/www/html/wp-settings.php(528): include()
#1 /var/www/html/wp-config.php(133): require_once('/var/www/html/w...')
#2 /var/www/html/wp-load.php(37): require_once('/var/www/html/w...')
#3 /var/www/html/wp-blog-header.php(13): require_once('/var/www/html/w...')
#4 /var/www/html/index.php(17): require('/var/www/html/w...')
#5 {main}
  thrown en /var/www/html/wp-content/themes/little-bubble/functions.php en la línea 285

2021-11-12T11:14:27+00:00 CRITICAL Uncaught Error: Call to undefined function add_shorcode() in /var/www/html/wp-content/themes/little-bubble/functions.php:274
Stack trace:
#0 /var/www/html/wp-settings.php(528): include()
#1 /var/www/html/wp-config.php(133): require_once('/var/www/html/w...')
#2 /var/www/html/wp-load.php(37): require_once('/var/www/html/w...')
#3 /var/www/html/wp-admin/admin.php(34): require_once('/var/www/html/w...')
#4 /var/www/html/wp-admin/post.php(12): require_once('/var/www/html/w...')
#5 {main}
  thrown en /var/www/html/wp-content/themes/little-bubble/functions.php en la línea 274

2021-11-12T11:14:28+00:00 CRITICAL Uncaught Error: Call to undefined function add_shorcode() in /var/www/html/wp-content/themes/little-bubble/functions.php:274
Stack trace:
#0 /var/www/html/wp-settings.php(528): include()
#1 /var/www/html/wp-config.php(133): require_once('/var/www/html/w...')
#2 /var/www/html/wp-load.php(37): require_once('/var/www/html/w...')
#3 /var/www/html/wp-blog-header.php(13): require_once('/var/www/html/w...')
#4 /var/www/html/index.php(17): require('/var/www/html/w...')
#5 {main}
  thrown en /var/www/html/wp-content/themes/little-bubble/functions.php en la línea 274

2021-11-12T11:15:40+00:00 CRITICAL Uncaught Error: Call to undefined function add_shorcode() in /var/www/html/wp-content/themes/little-bubble/functions.php:274
Stack trace:
#0 /var/www/html/wp-settings.php(528): include()
#1 /var/www/html/wp-config.php(133): require_once('/var/www/html/w...')
#2 /var/www/html/wp-load.php(37): require_once('/var/www/html/w...')
#3 /var/www/html/wp-admin/admin.php(34): require_once('/var/www/html/w...')
#4 /var/www/html/wp-admin/post.php(12): require_once('/var/www/html/w...')
#5 {main}
  thrown en /var/www/html/wp-content/themes/little-bubble/functions.php en la línea 274

2021-11-12T11:15:43+00:00 CRITICAL Uncaught Error: Call to undefined function add_shorcode() in /var/www/html/wp-content/themes/little-bubble/functions.php:274
Stack trace:
#0 /var/www/html/wp-settings.php(528): include()
#1 /var/www/html/wp-config.php(133): require_once('/var/www/html/w...')
#2 /var/www/html/wp-load.php(37): require_once('/var/www/html/w...')
#3 /var/www/html/wp-blog-header.php(13): require_once('/var/www/html/w...')
#4 /var/www/html/index.php(17): require('/var/www/html/w...')
#5 {main}
  thrown en /var/www/html/wp-content/themes/little-bubble/functions.php en la línea 274

2021-11-12T11:16:01+00:00 CRITICAL Uncaught Error: Call to undefined function add_shorcode() in /var/www/html/wp-content/themes/little-bubble/functions.php:258
Stack trace:
#0 /var/www/html/wp-settings.php(528): include()
#1 /var/www/html/wp-config.php(133): require_once('/var/www/html/w...')
#2 /var/www/html/wp-load.php(37): require_once('/var/www/html/w...')
#3 /var/www/html/wp-admin/admin.php(34): require_once('/var/www/html/w...')
#4 /var/www/html/wp-admin/post.php(12): require_once('/var/www/html/w...')
#5 {main}
  thrown en /var/www/html/wp-content/themes/little-bubble/functions.php en la línea 258

2021-11-12T11:16:04+00:00 CRITICAL Uncaught Error: Call to undefined function add_shorcode() in /var/www/html/wp-content/themes/little-bubble/functions.php:258
Stack trace:
#0 /var/www/html/wp-settings.php(528): include()
#1 /var/www/html/wp-config.php(133): require_once('/var/www/html/w...')
#2 /var/www/html/wp-load.php(37): require_once('/var/www/html/w...')
#3 /var/www/html/wp-blog-header.php(13): require_once('/var/www/html/w...')
#4 /var/www/html/index.php(17): require('/var/www/html/w...')
#5 {main}
  thrown en /var/www/html/wp-content/themes/little-bubble/functions.php en la línea 258

2021-11-12T11:16:23+00:00 CRITICAL Uncaught Error: Call to undefined function add_shorcode() in /var/www/html/wp-content/themes/little-bubble/functions.php:253
Stack trace:
#0 /var/www/html/wp-settings.php(528): include()
#1 /var/www/html/wp-config.php(133): require_once('/var/www/html/w...')
#2 /var/www/html/wp-load.php(37): require_once('/var/www/html/w...')
#3 /var/www/html/wp-admin/admin.php(34): require_once('/var/www/html/w...')
#4 /var/www/html/wp-admin/post.php(12): require_once('/var/www/html/w...')
#5 {main}
  thrown en /var/www/html/wp-content/themes/little-bubble/functions.php en la línea 253

2021-11-12T11:16:24+00:00 CRITICAL Uncaught Error: Call to undefined function add_shorcode() in /var/www/html/wp-content/themes/little-bubble/functions.php:253
Stack trace:
#0 /var/www/html/wp-settings.php(528): include()
#1 /var/www/html/wp-config.php(133): require_once('/var/www/html/w...')
#2 /var/www/html/wp-load.php(37): require_once('/var/www/html/w...')
#3 /var/www/html/wp-blog-header.php(13): require_once('/var/www/html/w...')
#4 /var/www/html/index.php(17): require('/var/www/html/w...')
#5 {main}
  thrown en /var/www/html/wp-content/themes/little-bubble/functions.php en la línea 253

